ISim log file
Running: C:\Xilinx\XProject\SDRAM_Controller\SDRAM_Testbench_isim_beh.exe -intstyle ise -gui -tclbatch isim.cmd -view C:/Xilinx/XProject/SDRAM_Controller/sdram_controller.wcfg -wdb C:/Xilinx/XProject/SDRAM_Controller/SDRAM_Testbench_isim_beh.wdb 
ISim P.20131013 (signature 0x7708f090)
This is a Full version of ISim.
Time resolution is 1 ps
# onerror resume
# run 10000 ns
Simulator is doing circuit initialization process.
Finished circuit initialization process.
# run 1.00us
# run 1.00us
# run 1.00us
# run 1.00us
# run 1.00us
# run 1.00us
# run 1.00us
# run 1.00us
# run 1.00us
# run 1.00us
# run 1.00us
# run 1.00us
# run 100.00us
# run 100.00us
# run 100.00us
# run 100.00us
