SCUBA, Version Diamond (64-bit) 3.10.0.111.2
Sat May 18 20:54:32 2019
  
Copyright (c) 1991-1994 by NeoCAD Inc. All rights reserved.
Copyright (c) 1995 AT&T Corp.   All rights reserved.
Copyright (c) 1995-2001 Lucent Technologies Inc.  All rights reserved.
Copyright (c) 2001 Agere Systems   All rights reserved.
Copyright (c) 2002-2017 Lattice Semiconductor Corporation,  All rights reserved.
  
BEGIN SCUBA Module Synthesis
  
    Issued command   : C:\lscc\diamond\3.10_x64\ispfpga\bin\nt64\scuba.exe -w -n Clock_DCMA -lang verilog -synth lse -arch xo2c00 -type pll -fin 50 -fclkop 133 -fclkop_tol 0.5 -trimp 0 -phasep 0 -trimp_r -phase_cntl STATIC -fb_mode 1 
    Circuit name     : Clock_DCMA
    Module type      : pll
    Module Version   : 5.7
    Ports            : 
    Inputs       : CLKI
    Outputs      : CLKOP
    I/O buffer       : not inserted
    EDIF output      : Clock_DCMA.edn
    Verilog output   : Clock_DCMA.v
    Verilog template : Clock_DCMA_tmpl.v
    Verilog purpose  : for synthesis and simulation
    Bus notation     : big endian
    Report output    : Clock_DCMA.srp
    Estimated Resource Usage:
  
END   SCUBA Module Synthesis

